<?xml version="1.0" encoding="UTF-8"?>
<!-- Generated by org.testng.reporters.JUnitXMLReporter -->
<testsuite hostname="DESKTOP-1D1H5F9" ignored="1" name="contact test" tests="4" failures="0" timestamp="25 May 2020 06:57:31 GMT" time="196.469" errors="0">
  <testcase name="createContactsTest" time="3.351" classname="com.qa.hubspot.tests.ContactsTest"/>
  <testcase name="createContactsTest" time="3.813" classname="com.qa.hubspot.tests.ContactsTest"/>
  <testcase name="createContactsTest" time="3.221" classname="com.qa.hubspot.tests.ContactsTest"/>
  <testcase name="createContactsTest" time="3.3" classname="com.qa.hubspot.tests.ContactsTest"/>
  <testcase name="deleteContactsTest" time="0.0" classname="com.qa.hubspot.tests.ContactsTest">
    <ignored/>
  </testcase> <!-- deleteContactsTest -->
</testsuite> <!-- contact test -->
