<?xml version="1.0" encoding="UTF-8"?>
<testng-results skipped="0" failed="0" ignored="1" total="5" passed="4">
  <reporter-output>
  </reporter-output>
  <suite name="Suite" duration-ms="196469" started-at="2020-05-25T06:54:15Z" finished-at="2020-05-25T06:57:31Z">
    <groups>
    </groups>
    <test name="contact test" duration-ms="196469" started-at="2020-05-25T06:54:15Z" finished-at="2020-05-25T06:57:31Z">
      <class name="com.qa.hubspot.tests.ContactsTest">
        <test-method status="PASS" signature="setUp()[pri:0, instance:com.qa.hubspot.tests.ContactsTest@6fb0d3ed]" name="setUp" is-config="true" duration-ms="45338" started-at="2020-05-25T06:54:17Z" finished-at="2020-05-25T06:55:02Z">
          <reporter-output>
          </reporter-output>
        </test-method> <!-- setUp -->
        <test-method status="PASS" signature="createContactsTest(java.lang.String, java.lang.String, java.lang.String, java.lang.String)[pri:1, instance:com.qa.hubspot.tests.ContactsTest@6fb0d3ed]" name="createContactsTest" duration-ms="3351" started-at="2020-05-25T06:55:02Z" data-provider="getContactsData" finished-at="2020-05-25T06:55:06Z">
          <params>
            <param index="0">
              <value>
                <![CDATA[aishwarya@gmail.com]]>
              </value>
            </param>
            <param index="1">
              <value>
                <![CDATA[aishwarya]]>
              </value>
            </param>
            <param index="2">
              <value>
                <![CDATA[k]]>
              </value>
            </param>
            <param index="3">
              <value>
                <![CDATA[QA]]>
              </value>
            </param>
          </params>
          <reporter-output>
          </reporter-output>
        </test-method> <!-- createContactsTest -->
        <test-method status="PASS" signature="tearDown()[pri:0, instance:com.qa.hubspot.tests.ContactsTest@6fb0d3ed]" name="tearDown" is-config="true" duration-ms="1450" started-at="2020-05-25T06:55:06Z" finished-at="2020-05-25T06:55:07Z">
          <reporter-output>
          </reporter-output>
        </test-method> <!-- tearDown -->
        <test-method status="PASS" signature="setUp()[pri:0, instance:com.qa.hubspot.tests.ContactsTest@6fb0d3ed]" name="setUp" is-config="true" duration-ms="43841" started-at="2020-05-25T06:55:07Z" finished-at="2020-05-25T06:55:51Z">
          <reporter-output>
          </reporter-output>
        </test-method> <!-- setUp -->
        <test-method status="PASS" signature="createContactsTest(java.lang.String, java.lang.String, java.lang.String, java.lang.String)[pri:1, instance:com.qa.hubspot.tests.ContactsTest@6fb0d3ed]" name="createContactsTest" duration-ms="3813" started-at="2020-05-25T06:55:51Z" data-provider="getContactsData" finished-at="2020-05-25T06:55:55Z">
          <params>
            <param index="0">
              <value>
                <![CDATA[smitha@gmail.com]]>
              </value>
            </param>
            <param index="1">
              <value>
                <![CDATA[smitha]]>
              </value>
            </param>
            <param index="2">
              <value>
                <![CDATA[patil]]>
              </value>
            </param>
            <param index="3">
              <value>
                <![CDATA[QA lead]]>
              </value>
            </param>
          </params>
          <reporter-output>
          </reporter-output>
        </test-method> <!-- createContactsTest -->
        <test-method status="PASS" signature="tearDown()[pri:0, instance:com.qa.hubspot.tests.ContactsTest@6fb0d3ed]" name="tearDown" is-config="true" duration-ms="1405" started-at="2020-05-25T06:55:55Z" finished-at="2020-05-25T06:55:56Z">
          <reporter-output>
          </reporter-output>
        </test-method> <!-- tearDown -->
        <test-method status="PASS" signature="setUp()[pri:0, instance:com.qa.hubspot.tests.ContactsTest@6fb0d3ed]" name="setUp" is-config="true" duration-ms="43078" started-at="2020-05-25T06:55:56Z" finished-at="2020-05-25T06:56:39Z">
          <reporter-output>
          </reporter-output>
        </test-method> <!-- setUp -->
        <test-method status="PASS" signature="createContactsTest(java.lang.String, java.lang.String, java.lang.String, java.lang.String)[pri:1, instance:com.qa.hubspot.tests.ContactsTest@6fb0d3ed]" name="createContactsTest" duration-ms="3221" started-at="2020-05-25T06:56:39Z" data-provider="getContactsData" finished-at="2020-05-25T06:56:42Z">
          <params>
            <param index="0">
              <value>
                <![CDATA[varun@gmail.com]]>
              </value>
            </param>
            <param index="1">
              <value>
                <![CDATA[varun]]>
              </value>
            </param>
            <param index="2">
              <value>
                <![CDATA[kumar]]>
              </value>
            </param>
            <param index="3">
              <value>
                <![CDATA[automation lead]]>
              </value>
            </param>
          </params>
          <reporter-output>
          </reporter-output>
        </test-method> <!-- createContactsTest -->
        <test-method status="PASS" signature="tearDown()[pri:0, instance:com.qa.hubspot.tests.ContactsTest@6fb0d3ed]" name="tearDown" is-config="true" duration-ms="1259" started-at="2020-05-25T06:56:42Z" finished-at="2020-05-25T06:56:44Z">
          <reporter-output>
          </reporter-output>
        </test-method> <!-- tearDown -->
        <test-method status="PASS" signature="setUp()[pri:0, instance:com.qa.hubspot.tests.ContactsTest@6fb0d3ed]" name="setUp" is-config="true" duration-ms="42893" started-at="2020-05-25T06:56:44Z" finished-at="2020-05-25T06:57:27Z">
          <reporter-output>
          </reporter-output>
        </test-method> <!-- setUp -->
        <test-method status="PASS" signature="createContactsTest(java.lang.String, java.lang.String, java.lang.String, java.lang.String)[pri:1, instance:com.qa.hubspot.tests.ContactsTest@6fb0d3ed]" name="createContactsTest" duration-ms="3300" started-at="2020-05-25T06:57:27Z" data-provider="getContactsData" finished-at="2020-05-25T06:57:30Z">
          <params>
            <param index="0">
              <value>
                <![CDATA[kiran@gmail.com]]>
              </value>
            </param>
            <param index="1">
              <value>
                <![CDATA[kiran]]>
              </value>
            </param>
            <param index="2">
              <value>
                <![CDATA[sharma]]>
              </value>
            </param>
            <param index="3">
              <value>
                <![CDATA[devops lead]]>
              </value>
            </param>
          </params>
          <reporter-output>
          </reporter-output>
        </test-method> <!-- createContactsTest -->
        <test-method status="PASS" signature="tearDown()[pri:0, instance:com.qa.hubspot.tests.ContactsTest@6fb0d3ed]" name="tearDown" is-config="true" duration-ms="1221" started-at="2020-05-25T06:57:30Z" finished-at="2020-05-25T06:57:31Z">
          <reporter-output>
          </reporter-output>
        </test-method> <!-- tearDown -->
      </class> <!-- com.qa.hubspot.tests.ContactsTest -->
    </test> <!-- contact test -->
  </suite> <!-- Suite -->
</testng-results>
